<?xml version="1.0" encoding="UTF-8"?>
<testng-results ignored="0" total="1" passed="1" failed="0" skipped="0">
  <reporter-output>
  </reporter-output>
  <suite started-at="2024-06-24T19:26:10 IST" name="Suite" finished-at="2024-06-24T19:26:27 IST" duration-ms="16692">
    <groups>
    </groups>
    <test started-at="2024-06-24T19:26:10 IST" name="Test2" finished-at="2024-06-24T19:26:27 IST" duration-ms="16692">
      <class name="module_1.submodule_1.automationtesting.OrderCompleteTest">
        <test-method is-config="true" signature="setup()[pri:0, instance:module_1.submodule_1.automationtesting.OrderCompleteTest@1e1a0406]" started-at="2024-06-24T19:26:10 IST" name="setup" finished-at="2024-06-24T19:26:14 IST" duration-ms="4080" status="PASS">
          <reporter-output>
          </reporter-output>
        </test-method> <!-- setup -->
        <test-method signature="endToEndTest()[pri:0, instance:module_1.submodule_1.automationtesting.OrderCompleteTest@1e1a0406]" started-at="2024-06-24T19:26:14 IST" name="endToEndTest" finished-at="2024-06-24T19:26:27 IST" duration-ms="12591" status="PASS">
          <reporter-output>
          </reporter-output>
        </test-method> <!-- endToEndTest -->
        <test-method is-config="true" signature="tearDown()[pri:0, instance:module_1.submodule_1.automationtesting.OrderCompleteTest@1e1a0406]" started-at="2024-06-24T19:26:27 IST" name="tearDown" finished-at="2024-06-24T19:26:27 IST" duration-ms="0" status="PASS">
          <reporter-output>
          </reporter-output>
        </test-method> <!-- tearDown -->
      </class> <!-- module_1.submodule_1.automationtesting.OrderCompleteTest -->
    </test> <!-- Test2 -->
  </suite> <!-- Suite -->
</testng-results>
